2026-02-07 17:16:37,382 | INFO | main | ============================================================
2026-02-07 17:16:37,384 | INFO | main |  TRADING BOT STARTING
2026-02-07 17:16:37,385 | INFO | main | ============================================================
2026-02-07 17:16:37,385 | INFO | main | ENTRY POINT: api/server.py
2026-02-07 17:16:37,386 | INFO | main | ENGINE:      Polling Mode (Active)
2026-02-07 17:16:37,387 | INFO | main | HOST:        0.0.0.0
2026-02-07 17:16:37,387 | INFO | main | PORT:        800
2026-02-07 17:16:37,388 | INFO | main | PID:         14644
2026-02-07 17:16:37,388 | INFO | main | PYTHON:      C:\Python314\python.exe
2026-02-07 17:16:37,388 | INFO | main | CWD:         C:\Users\antho\Documents\codes-websites\bot-final
2026-02-07 17:16:37,389 | INFO | main | ============================================================
2026-02-07 17:16:37,441 | INFO | engine |  Engine: Initializing Direct MT5 Connection (Monolith)...
2026-02-07 17:16:45,467 | INFO | engine | [OK] MT5 connected successfully
2026-02-07 17:16:45,468 | INFO | engine |  MT5 Connected. Starting High-Speed Loop.
2026-02-07 17:16:45,469 | INFO | engine | [TIMEOUT] Session started at 2026-02-07 17:16:45.469096
2026-02-07 18:04:34,201 | INFO | main | ============================================================
2026-02-07 18:04:34,203 | INFO | main |  TRADING BOT STARTING
2026-02-07 18:04:34,204 | INFO | main | ============================================================
2026-02-07 18:04:34,204 | INFO | main | ENTRY POINT: api/server.py
2026-02-07 18:04:34,204 | INFO | main | ENGINE:      Polling Mode (Active)
2026-02-07 18:04:34,205 | INFO | main | HOST:        0.0.0.0
2026-02-07 18:04:34,205 | INFO | main | PORT:        800
2026-02-07 18:04:34,205 | INFO | main | PID:         13772
2026-02-07 18:04:34,205 | INFO | main | PYTHON:      C:\Users\antho\Documents\codes-websites\bot-final\.venv\Scripts\python.exe
2026-02-07 18:04:34,205 | INFO | main | CWD:         C:\Users\antho\Documents\codes-websites\bot-final
2026-02-07 18:04:34,206 | INFO | main | ============================================================
2026-02-07 18:04:34,259 | INFO | engine |  Engine: Initializing Direct MT5 Connection (Monolith)...
2026-02-07 18:04:34,281 | INFO | engine | [OK] MT5 connected successfully
2026-02-07 18:04:34,281 | INFO | engine |  MT5 Connected. Starting High-Speed Loop.
2026-02-07 18:04:34,281 | INFO | engine | [TIMEOUT] Session started at 2026-02-07 18:04:34.281730
2026-02-07 18:04:34,286 | INFO | main |  Bot stopped.
2026-02-07 18:04:48,526 | INFO | main | ============================================================
2026-02-07 18:04:48,527 | INFO | main |  TRADING BOT STARTING
2026-02-07 18:04:48,528 | INFO | main | ============================================================
2026-02-07 18:04:48,528 | INFO | main | ENTRY POINT: api/server.py
2026-02-07 18:04:48,529 | INFO | main | ENGINE:      Polling Mode (Active)
2026-02-07 18:04:48,529 | INFO | main | HOST:        0.0.0.0
2026-02-07 18:04:48,530 | INFO | main | PORT:        800
2026-02-07 18:04:48,530 | INFO | main | PID:         18496
2026-02-07 18:04:48,530 | INFO | main | PYTHON:      C:\Users\antho\Documents\codes-websites\bot-final\.venv\Scripts\python.exe
2026-02-07 18:04:48,531 | INFO | main | CWD:         C:\Users\antho\Documents\codes-websites\bot-final
2026-02-07 18:04:48,531 | INFO | main | ============================================================
2026-02-07 18:04:48,565 | INFO | engine |  Engine: Initializing Direct MT5 Connection (Monolith)...
2026-02-07 18:04:48,570 | INFO | engine | [OK] MT5 connected successfully
2026-02-07 18:04:48,570 | INFO | engine |  MT5 Connected. Starting High-Speed Loop.
2026-02-07 18:04:48,570 | INFO | engine | [TIMEOUT] Session started at 2026-02-07 18:04:48.570618
2026-02-07 18:04:48,573 | INFO | main |  Bot stopped.
2026-02-07 18:06:41,183 | INFO | main | ============================================================
2026-02-07 18:06:41,258 | INFO | main |  TRADING BOT STARTING
2026-02-07 18:06:41,259 | INFO | main | ============================================================
2026-02-07 18:06:41,289 | INFO | main | ENTRY POINT: api/server.py
2026-02-07 18:06:41,289 | INFO | main | ENGINE:      Polling Mode (Active)
2026-02-07 18:06:41,291 | INFO | main | HOST:        0.0.0.0
2026-02-07 18:06:41,291 | INFO | main | PORT:        800
2026-02-07 18:06:41,291 | INFO | main | PID:         19364
2026-02-07 18:06:41,292 | INFO | main | PYTHON:      C:\Users\antho\Documents\codes-websites\bot-final\.venv\Scripts\python.exe
2026-02-07 18:06:41,294 | INFO | main | CWD:         C:\Users\antho\Documents\codes-websites\bot-final
2026-02-07 18:06:41,296 | INFO | main | ============================================================
2026-02-07 18:06:41,889 | INFO | engine |  Engine: Initializing Direct MT5 Connection (Monolith)...
2026-02-07 18:06:42,638 | INFO | engine | [OK] MT5 connected successfully
2026-02-07 18:06:42,677 | INFO | engine |  MT5 Connected. Starting High-Speed Loop.
2026-02-07 18:06:42,678 | INFO | engine | [TIMEOUT] Session started at 2026-02-07 18:06:42.677053
2026-02-07 18:10:56,078 | INFO | httpx | HTTP Request: GET https://vzwzlldrnpuhijtxcoyk.supabase.co/auth/v1/user "HTTP/2 200 OK"
2026-02-07 18:10:56,109 | INFO | httpx | HTTP Request: GET https://vzwzlldrnpuhijtxcoyk.supabase.co/auth/v1/user "HTTP/2 200 OK"
2026-02-07 18:11:28,100 | INFO | httpx | HTTP Request: GET https://vzwzlldrnpuhijtxcoyk.supabase.co/auth/v1/user "HTTP/2 200 OK"
2026-02-07 18:12:04,768 | INFO | httpx | HTTP Request: GET https://vzwzlldrnpuhijtxcoyk.supabase.co/auth/v1/user "HTTP/2 200 OK"
2026-02-07 18:13:35,630 | INFO | httpx | HTTP Request: GET https://vzwzlldrnpuhijtxcoyk.supabase.co/auth/v1/user "HTTP/2 200 OK"
2026-02-07 18:14:35,841 | INFO | httpx | HTTP Request: GET https://vzwzlldrnpuhijtxcoyk.supabase.co/auth/v1/user "HTTP/2 200 OK"
2026-02-07 18:15:35,706 | INFO | httpx | HTTP Request: GET https://vzwzlldrnpuhijtxcoyk.supabase.co/auth/v1/user "HTTP/2 200 OK"
2026-02-07 18:16:35,513 | INFO | httpx | HTTP Request: GET https://vzwzlldrnpuhijtxcoyk.supabase.co/auth/v1/user "HTTP/2 200 OK"
2026-02-07 18:17:35,009 | INFO | httpx | HTTP Request: GET https://vzwzlldrnpuhijtxcoyk.supabase.co/auth/v1/user "HTTP/2 200 OK"
2026-02-07 18:18:35,333 | INFO | httpx | HTTP Request: GET https://vzwzlldrnpuhijtxcoyk.supabase.co/auth/v1/user "HTTP/2 200 OK"
2026-02-07 18:19:35,460 | INFO | httpx | HTTP Request: GET https://vzwzlldrnpuhijtxcoyk.supabase.co/auth/v1/user "HTTP/2 200 OK"
2026-02-07 18:20:35,289 | INFO | httpx | HTTP Request: GET https://vzwzlldrnpuhijtxcoyk.supabase.co/auth/v1/user "HTTP/2 200 OK"
2026-02-07 18:21:35,349 | INFO | httpx | HTTP Request: GET https://vzwzlldrnpuhijtxcoyk.supabase.co/auth/v1/user "HTTP/2 200 OK"
2026-02-07 18:22:35,344 | INFO | httpx | HTTP Request: GET https://vzwzlldrnpuhijtxcoyk.supabase.co/auth/v1/user "HTTP/2 200 OK"
2026-02-07 18:23:32,713 | INFO | main | Received signal 2. Initiating graceful shutdown...
2026-02-07 18:23:32,752 | INFO | main |  Bot stopped.
